  chm_lab1.cpp
C:\Универ\ЧМ\Lab1\chm_lab1\chm_lab1.cpp(124,16): warning C4244: +=: преобразование "double" в "real", возможна потеря данных
C:\Универ\ЧМ\Lab1\chm_lab1\chm_lab1.cpp(129,15): warning C4244: +=: преобразование "double" в "real", возможна потеря данных
C:\Универ\ЧМ\Lab1\chm_lab1\chm_lab1.cpp(585,31): warning C4244: =: преобразование "double" в "real", возможна потеря данных
C:\Универ\ЧМ\Lab1\chm_lab1\chm_lab1.cpp(588,31): warning C4244: =: преобразование "double" в "real", возможна потеря данных
C:\Универ\ЧМ\Lab1\chm_lab1\chm_lab1.cpp(598,18): warning C4244: =: преобразование "double" в "real", возможна потеря данных
C:\Универ\ЧМ\Lab1\chm_lab1\chm_lab1.cpp(866,41): warning C4305: инициализация: усечение из "double" в "real"
C:\Универ\ЧМ\Lab1\chm_lab1\chm_lab1.cpp(867,21): warning C4305: инициализация: усечение из "double" в "real"
C:\Универ\ЧМ\Lab1\chm_lab1\chm_lab1.cpp(867,31): warning C4305: инициализация: усечение из "double" в "real"
C:\Универ\ЧМ\Lab1\chm_lab1\chm_lab1.cpp(868,23): warning C4305: инициализация: усечение из "double" в "real"
C:\Универ\ЧМ\Lab1\chm_lab1\chm_lab1.cpp(868,33): warning C4305: инициализация: усечение из "double" в "real"
C:\Универ\ЧМ\Lab1\chm_lab1\chm_lab1.cpp(868,44): warning C4305: инициализация: усечение из "double" в "real"
C:\Универ\ЧМ\Lab1\chm_lab1\chm_lab1.cpp(869,22): warning C4305: инициализация: усечение из "double" в "real"
C:\Универ\ЧМ\Lab1\chm_lab1\chm_lab1.cpp(869,34): warning C4305: инициализация: усечение из "double" в "real"
C:\Универ\ЧМ\Lab1\chm_lab1\chm_lab1.cpp(869,46): warning C4305: инициализация: усечение из "double" в "real"
C:\Универ\ЧМ\Lab1\chm_lab1\chm_lab1.cpp(869,60): warning C4305: инициализация: усечение из "double" в "real"
C:\Универ\ЧМ\Lab1\chm_lab1\chm_lab1.cpp(870,22): warning C4305: инициализация: усечение из "double" в "real"
C:\Универ\ЧМ\Lab1\chm_lab1\chm_lab1.cpp(870,34): warning C4305: инициализация: усечение из "double" в "real"
C:\Универ\ЧМ\Lab1\chm_lab1\chm_lab1.cpp(870,47): warning C4305: инициализация: усечение из "double" в "real"
C:\Универ\ЧМ\Lab1\chm_lab1\chm_lab1.cpp(870,60): warning C4305: инициализация: усечение из "double" в "real"
C:\Универ\ЧМ\Lab1\chm_lab1\chm_lab1.cpp(870,74): warning C4305: инициализация: усечение из "double" в "real"
C:\Универ\ЧМ\Lab1\chm_lab1\chm_lab1.cpp(871,23): warning C4305: инициализация: усечение из "double" в "real"
C:\Универ\ЧМ\Lab1\chm_lab1\chm_lab1.cpp(871,36): warning C4305: инициализация: усечение из "double" в "real"
C:\Универ\ЧМ\Lab1\chm_lab1\chm_lab1.cpp(871,50): warning C4305: инициализация: усечение из "double" в "real"
C:\Универ\ЧМ\Lab1\chm_lab1\chm_lab1.cpp(871,64): warning C4305: инициализация: усечение из "double" в "real"
C:\Универ\ЧМ\Lab1\chm_lab1\chm_lab1.cpp(871,79): warning C4305: инициализация: усечение из "double" в "real"
C:\Универ\ЧМ\Lab1\chm_lab1\chm_lab1.cpp(871,95): warning C4305: инициализация: усечение из "double" в "real"
C:\Универ\ЧМ\Lab1\chm_lab1\chm_lab1.cpp(872,24): warning C4305: инициализация: усечение из "double" в "real"
C:\Универ\ЧМ\Lab1\chm_lab1\chm_lab1.cpp(872,38): warning C4305: инициализация: усечение из "double" в "real"
C:\Универ\ЧМ\Lab1\chm_lab1\chm_lab1.cpp(872,53): warning C4305: инициализация: усечение из "double" в "real"
C:\Универ\ЧМ\Lab1\chm_lab1\chm_lab1.cpp(872,68): warning C4305: инициализация: усечение из "double" в "real"
C:\Универ\ЧМ\Lab1\chm_lab1\chm_lab1.cpp(872,84): warning C4305: инициализация: усечение из "double" в "real"
C:\Универ\ЧМ\Lab1\chm_lab1\chm_lab1.cpp(872,101): warning C4305: инициализация: усечение из "double" в "real"
C:\Универ\ЧМ\Lab1\chm_lab1\chm_lab1.cpp(872,117): warning C4305: инициализация: усечение из "double" в "real"
C:\Универ\ЧМ\Lab1\chm_lab1\chm_lab1.cpp(873,24): warning C4305: инициализация: усечение из "double" в "real"
C:\Универ\ЧМ\Lab1\chm_lab1\chm_lab1.cpp(873,39): warning C4305: инициализация: усечение из "double" в "real"
C:\Универ\ЧМ\Lab1\chm_lab1\chm_lab1.cpp(873,55): warning C4305: инициализация: усечение из "double" в "real"
C:\Универ\ЧМ\Lab1\chm_lab1\chm_lab1.cpp(873,71): warning C4305: инициализация: усечение из "double" в "real"
C:\Универ\ЧМ\Lab1\chm_lab1\chm_lab1.cpp(873,88): warning C4305: инициализация: усечение из "double" в "real"
C:\Универ\ЧМ\Lab1\chm_lab1\chm_lab1.cpp(873,104): warning C4305: инициализация: усечение из "double" в "real"
C:\Универ\ЧМ\Lab1\chm_lab1\chm_lab1.cpp(873,120): warning C4305: инициализация: усечение из "double" в "real"
C:\Универ\ЧМ\Lab1\chm_lab1\chm_lab1.cpp(873,137): warning C4305: инициализация: усечение из "double" в "real"
C:\Универ\ЧМ\Lab1\chm_lab1\chm_lab1.cpp(874,26): warning C4305: инициализация: усечение из "double" в "real"
C:\Универ\ЧМ\Lab1\chm_lab1\chm_lab1.cpp(874,42): warning C4305: инициализация: усечение из "double" в "real"
C:\Универ\ЧМ\Lab1\chm_lab1\chm_lab1.cpp(874,59): warning C4305: инициализация: усечение из "double" в "real"
C:\Универ\ЧМ\Lab1\chm_lab1\chm_lab1.cpp(874,77): warning C4305: инициализация: усечение из "double" в "real"
C:\Универ\ЧМ\Lab1\chm_lab1\chm_lab1.cpp(874,94): warning C4305: инициализация: усечение из "double" в "real"
C:\Универ\ЧМ\Lab1\chm_lab1\chm_lab1.cpp(874,111): warning C4305: инициализация: усечение из "double" в "real"
C:\Универ\ЧМ\Lab1\chm_lab1\chm_lab1.cpp(874,129): warning C4305: инициализация: усечение из "double" в "real"
C:\Универ\ЧМ\Lab1\chm_lab1\chm_lab1.cpp(874,147): warning C4305: инициализация: усечение из "double" в "real"
C:\Универ\ЧМ\Lab1\chm_lab1\chm_lab1.cpp(874,167): warning C4305: инициализация: усечение из "double" в "real"
C:\Универ\ЧМ\Lab1\chm_lab1\chm_lab1.cpp(875,26): warning C4305: инициализация: усечение из "double" в "real"
C:\Универ\ЧМ\Lab1\chm_lab1\chm_lab1.cpp(875,44): warning C4305: инициализация: усечение из "double" в "real"
C:\Универ\ЧМ\Lab1\chm_lab1\chm_lab1.cpp(875,62): warning C4305: инициализация: усечение из "double" в "real"
C:\Универ\ЧМ\Lab1\chm_lab1\chm_lab1.cpp(875,80): warning C4305: инициализация: усечение из "double" в "real"
C:\Универ\ЧМ\Lab1\chm_lab1\chm_lab1.cpp(875,97): warning C4305: инициализация: усечение из "double" в "real"
C:\Универ\ЧМ\Lab1\chm_lab1\chm_lab1.cpp(875,116): warning C4305: инициализация: усечение из "double" в "real"
C:\Универ\ЧМ\Lab1\chm_lab1\chm_lab1.cpp(875,134): warning C4305: инициализация: усечение из "double" в "real"
C:\Универ\ЧМ\Lab1\chm_lab1\chm_lab1.cpp(875,153): warning C4305: инициализация: усечение из "double" в "real"
C:\Универ\ЧМ\Lab1\chm_lab1\chm_lab1.cpp(875,175): warning C4305: инициализация: усечение из "double" в "real"
C:\Универ\ЧМ\Lab1\chm_lab1\chm_lab1.cpp(875,197): warning C4305: инициализация: усечение из "double" в "real"
C:\Универ\ЧМ\Lab1\chm_lab1\chm_lab1.cpp(876,27): warning C4305: инициализация: усечение из "double" в "real"
C:\Универ\ЧМ\Lab1\chm_lab1\chm_lab1.cpp(876,46): warning C4305: инициализация: усечение из "double" в "real"
C:\Универ\ЧМ\Lab1\chm_lab1\chm_lab1.cpp(876,64): warning C4305: инициализация: усечение из "double" в "real"
C:\Универ\ЧМ\Lab1\chm_lab1\chm_lab1.cpp(876,83): warning C4305: инициализация: усечение из "double" в "real"
C:\Универ\ЧМ\Lab1\chm_lab1\chm_lab1.cpp(876,103): warning C4305: инициализация: усечение из "double" в "real"
C:\Универ\ЧМ\Lab1\chm_lab1\chm_lab1.cpp(876,122): warning C4305: инициализация: усечение из "double" в "real"
C:\Универ\ЧМ\Lab1\chm_lab1\chm_lab1.cpp(876,142): warning C4305: инициализация: усечение из "double" в "real"
C:\Универ\ЧМ\Lab1\chm_lab1\chm_lab1.cpp(876,163): warning C4305: инициализация: усечение из "double" в "real"
C:\Универ\ЧМ\Lab1\chm_lab1\chm_lab1.cpp(876,185): warning C4305: инициализация: усечение из "double" в "real"
C:\Универ\ЧМ\Lab1\chm_lab1\chm_lab1.cpp(876,208): warning C4305: инициализация: усечение из "double" в "real"
C:\Универ\ЧМ\Lab1\chm_lab1\chm_lab1.cpp(876,232): warning C4305: инициализация: усечение из "double" в "real"
C:\Универ\ЧМ\Lab1\chm_lab1\chm_lab1.cpp(877,16): warning C4305: инициализация: усечение из "double" в "real"
C:\Универ\ЧМ\Lab1\chm_lab1\chm_lab1.cpp(877,34): warning C4305: инициализация: усечение из "double" в "real"
C:\Универ\ЧМ\Lab1\chm_lab1\chm_lab1.cpp(877,52): warning C4305: инициализация: усечение из "double" в "real"
C:\Универ\ЧМ\Lab1\chm_lab1\chm_lab1.cpp(877,70): warning C4305: инициализация: усечение из "double" в "real"
C:\Универ\ЧМ\Lab1\chm_lab1\chm_lab1.cpp(877,88): warning C4305: инициализация: усечение из "double" в "real"
C:\Универ\ЧМ\Lab1\chm_lab1\chm_lab1.cpp(877,106): warning C4305: инициализация: усечение из "double" в "real"
C:\Универ\ЧМ\Lab1\chm_lab1\chm_lab1.cpp(877,124): warning C4305: инициализация: усечение из "double" в "real"
C:\Универ\ЧМ\Lab1\chm_lab1\chm_lab1.cpp(877,142): warning C4305: инициализация: усечение из "double" в "real"
C:\Универ\ЧМ\Lab1\chm_lab1\chm_lab1.cpp(877,160): warning C4305: инициализация: усечение из "double" в "real"
C:\Универ\ЧМ\Lab1\chm_lab1\chm_lab1.cpp(877,178): warning C4305: инициализация: усечение из "double" в "real"
C:\Универ\ЧМ\Lab1\chm_lab1\chm_lab1.cpp(877,196): warning C4305: инициализация: усечение из "double" в "real"
C:\Универ\ЧМ\Lab1\chm_lab1\chm_lab1.cpp(877,214): warning C4305: инициализация: усечение из "double" в "real"
C:\Универ\ЧМ\Lab1\chm_lab1\chm_lab1.cpp(878,15): warning C4305: инициализация: усечение из "double" в "real"
C:\Универ\ЧМ\Lab1\chm_lab1\chm_lab1.cpp(878,33): warning C4305: инициализация: усечение из "double" в "real"
C:\Универ\ЧМ\Lab1\chm_lab1\chm_lab1.cpp(878,51): warning C4305: инициализация: усечение из "double" в "real"
C:\Универ\ЧМ\Lab1\chm_lab1\chm_lab1.cpp(878,69): warning C4305: инициализация: усечение из "double" в "real"
C:\Универ\ЧМ\Lab1\chm_lab1\chm_lab1.cpp(878,87): warning C4305: инициализация: усечение из "double" в "real"
C:\Универ\ЧМ\Lab1\chm_lab1\chm_lab1.cpp(878,105): warning C4305: инициализация: усечение из "double" в "real"
C:\Универ\ЧМ\Lab1\chm_lab1\chm_lab1.cpp(878,123): warning C4305: инициализация: усечение из "double" в "real"
C:\Универ\ЧМ\Lab1\chm_lab1\chm_lab1.cpp(878,141): warning C4305: инициализация: усечение из "double" в "real"
C:\Универ\ЧМ\Lab1\chm_lab1\chm_lab1.cpp(878,159): warning C4305: инициализация: усечение из "double" в "real"
C:\Универ\ЧМ\Lab1\chm_lab1\chm_lab1.cpp(878,177): warning C4305: инициализация: усечение из "double" в "real"
C:\Универ\ЧМ\Lab1\chm_lab1\chm_lab1.cpp(878,195): warning C4305: инициализация: усечение из "double" в "real"
C:\Универ\ЧМ\Lab1\chm_lab1\chm_lab1.cpp(878,213): warning C4305: инициализация: усечение из "double" в "real"
C:\Универ\ЧМ\Lab1\chm_lab1\chm_lab1.cpp(878,231): warning C4305: инициализация: усечение из "double" в "real"
C:\Универ\ЧМ\Lab1\chm_lab1\chm_lab1.cpp(952,15): warning C4305: инициализация: усечение из "double" в "float"
  chm_lab1.vcxproj -> C:\Универ\ЧМ\Lab1\chm_lab1\x64\Debug\chm_lab111.exe
