  chm_lab1.cpp
C:\Универ\ЧМ\chm_lab1\chm_lab1.cpp(123,15): warning C4244: +=: преобразование "double" в "real", возможна потеря данных
C:\Универ\ЧМ\chm_lab1\chm_lab1.cpp(130,20): warning C4244: +=: преобразование "double" в "real", возможна потеря данных
C:\Универ\ЧМ\chm_lab1\chm_lab1.cpp(445,42): warning C4244: =: преобразование "realsum" в "real", возможна потеря данных
C:\Универ\ЧМ\chm_lab1\chm_lab1.cpp(468,29): warning C4244: =: преобразование "realsum" в "real", возможна потеря данных
C:\Универ\ЧМ\chm_lab1\chm_lab1.cpp(472,40): warning C4244: =: преобразование "realsum" в "real", возможна потеря данных
C:\Универ\ЧМ\chm_lab1\chm_lab1.cpp(490,20): warning C4244: =: преобразование "realsum" в "real", возможна потеря данных
C:\Универ\ЧМ\chm_lab1\chm_lab1.cpp(505,27): warning C4244: =: преобразование "realsum" в "real", возможна потеря данных
C:\Универ\ЧМ\chm_lab1\chm_lab1.cpp(523,31): warning C4244: =: преобразование "double" в "real", возможна потеря данных
C:\Универ\ЧМ\chm_lab1\chm_lab1.cpp(526,31): warning C4244: =: преобразование "double" в "real", возможна потеря данных
C:\Универ\ЧМ\chm_lab1\chm_lab1.cpp(536,18): warning C4244: =: преобразование "double" в "real", возможна потеря данных
C:\Универ\ЧМ\chm_lab1\chm_lab1.cpp(1028,41): warning C4305: инициализация: усечение из "double" в "real"
C:\Универ\ЧМ\chm_lab1\chm_lab1.cpp(1029,21): warning C4305: инициализация: усечение из "double" в "real"
C:\Универ\ЧМ\chm_lab1\chm_lab1.cpp(1029,31): warning C4305: инициализация: усечение из "double" в "real"
C:\Универ\ЧМ\chm_lab1\chm_lab1.cpp(1030,23): warning C4305: инициализация: усечение из "double" в "real"
C:\Универ\ЧМ\chm_lab1\chm_lab1.cpp(1030,33): warning C4305: инициализация: усечение из "double" в "real"
C:\Универ\ЧМ\chm_lab1\chm_lab1.cpp(1030,44): warning C4305: инициализация: усечение из "double" в "real"
C:\Универ\ЧМ\chm_lab1\chm_lab1.cpp(1031,22): warning C4305: инициализация: усечение из "double" в "real"
C:\Универ\ЧМ\chm_lab1\chm_lab1.cpp(1031,34): warning C4305: инициализация: усечение из "double" в "real"
C:\Универ\ЧМ\chm_lab1\chm_lab1.cpp(1031,46): warning C4305: инициализация: усечение из "double" в "real"
C:\Универ\ЧМ\chm_lab1\chm_lab1.cpp(1031,60): warning C4305: инициализация: усечение из "double" в "real"
C:\Универ\ЧМ\chm_lab1\chm_lab1.cpp(1032,22): warning C4305: инициализация: усечение из "double" в "real"
C:\Универ\ЧМ\chm_lab1\chm_lab1.cpp(1032,34): warning C4305: инициализация: усечение из "double" в "real"
C:\Универ\ЧМ\chm_lab1\chm_lab1.cpp(1032,47): warning C4305: инициализация: усечение из "double" в "real"
C:\Универ\ЧМ\chm_lab1\chm_lab1.cpp(1032,60): warning C4305: инициализация: усечение из "double" в "real"
C:\Универ\ЧМ\chm_lab1\chm_lab1.cpp(1032,74): warning C4305: инициализация: усечение из "double" в "real"
C:\Универ\ЧМ\chm_lab1\chm_lab1.cpp(1033,23): warning C4305: инициализация: усечение из "double" в "real"
C:\Универ\ЧМ\chm_lab1\chm_lab1.cpp(1033,36): warning C4305: инициализация: усечение из "double" в "real"
C:\Универ\ЧМ\chm_lab1\chm_lab1.cpp(1033,50): warning C4305: инициализация: усечение из "double" в "real"
C:\Универ\ЧМ\chm_lab1\chm_lab1.cpp(1033,64): warning C4305: инициализация: усечение из "double" в "real"
C:\Универ\ЧМ\chm_lab1\chm_lab1.cpp(1033,79): warning C4305: инициализация: усечение из "double" в "real"
C:\Универ\ЧМ\chm_lab1\chm_lab1.cpp(1033,95): warning C4305: инициализация: усечение из "double" в "real"
C:\Универ\ЧМ\chm_lab1\chm_lab1.cpp(1034,24): warning C4305: инициализация: усечение из "double" в "real"
C:\Универ\ЧМ\chm_lab1\chm_lab1.cpp(1034,38): warning C4305: инициализация: усечение из "double" в "real"
C:\Универ\ЧМ\chm_lab1\chm_lab1.cpp(1034,53): warning C4305: инициализация: усечение из "double" в "real"
C:\Универ\ЧМ\chm_lab1\chm_lab1.cpp(1034,68): warning C4305: инициализация: усечение из "double" в "real"
C:\Универ\ЧМ\chm_lab1\chm_lab1.cpp(1034,84): warning C4305: инициализация: усечение из "double" в "real"
C:\Универ\ЧМ\chm_lab1\chm_lab1.cpp(1034,101): warning C4305: инициализация: усечение из "double" в "real"
C:\Универ\ЧМ\chm_lab1\chm_lab1.cpp(1034,117): warning C4305: инициализация: усечение из "double" в "real"
C:\Универ\ЧМ\chm_lab1\chm_lab1.cpp(1035,24): warning C4305: инициализация: усечение из "double" в "real"
C:\Универ\ЧМ\chm_lab1\chm_lab1.cpp(1035,39): warning C4305: инициализация: усечение из "double" в "real"
C:\Универ\ЧМ\chm_lab1\chm_lab1.cpp(1035,55): warning C4305: инициализация: усечение из "double" в "real"
C:\Универ\ЧМ\chm_lab1\chm_lab1.cpp(1035,71): warning C4305: инициализация: усечение из "double" в "real"
C:\Универ\ЧМ\chm_lab1\chm_lab1.cpp(1035,88): warning C4305: инициализация: усечение из "double" в "real"
C:\Универ\ЧМ\chm_lab1\chm_lab1.cpp(1035,104): warning C4305: инициализация: усечение из "double" в "real"
C:\Универ\ЧМ\chm_lab1\chm_lab1.cpp(1035,120): warning C4305: инициализация: усечение из "double" в "real"
C:\Универ\ЧМ\chm_lab1\chm_lab1.cpp(1035,137): warning C4305: инициализация: усечение из "double" в "real"
C:\Универ\ЧМ\chm_lab1\chm_lab1.cpp(1036,26): warning C4305: инициализация: усечение из "double" в "real"
C:\Универ\ЧМ\chm_lab1\chm_lab1.cpp(1036,42): warning C4305: инициализация: усечение из "double" в "real"
C:\Универ\ЧМ\chm_lab1\chm_lab1.cpp(1036,59): warning C4305: инициализация: усечение из "double" в "real"
C:\Универ\ЧМ\chm_lab1\chm_lab1.cpp(1036,77): warning C4305: инициализация: усечение из "double" в "real"
C:\Универ\ЧМ\chm_lab1\chm_lab1.cpp(1036,94): warning C4305: инициализация: усечение из "double" в "real"
C:\Универ\ЧМ\chm_lab1\chm_lab1.cpp(1036,111): warning C4305: инициализация: усечение из "double" в "real"
C:\Универ\ЧМ\chm_lab1\chm_lab1.cpp(1036,129): warning C4305: инициализация: усечение из "double" в "real"
C:\Универ\ЧМ\chm_lab1\chm_lab1.cpp(1036,147): warning C4305: инициализация: усечение из "double" в "real"
C:\Универ\ЧМ\chm_lab1\chm_lab1.cpp(1036,167): warning C4305: инициализация: усечение из "double" в "real"
C:\Универ\ЧМ\chm_lab1\chm_lab1.cpp(1037,26): warning C4305: инициализация: усечение из "double" в "real"
C:\Универ\ЧМ\chm_lab1\chm_lab1.cpp(1037,44): warning C4305: инициализация: усечение из "double" в "real"
C:\Универ\ЧМ\chm_lab1\chm_lab1.cpp(1037,62): warning C4305: инициализация: усечение из "double" в "real"
C:\Универ\ЧМ\chm_lab1\chm_lab1.cpp(1037,80): warning C4305: инициализация: усечение из "double" в "real"
C:\Универ\ЧМ\chm_lab1\chm_lab1.cpp(1037,97): warning C4305: инициализация: усечение из "double" в "real"
C:\Универ\ЧМ\chm_lab1\chm_lab1.cpp(1037,116): warning C4305: инициализация: усечение из "double" в "real"
C:\Универ\ЧМ\chm_lab1\chm_lab1.cpp(1037,134): warning C4305: инициализация: усечение из "double" в "real"
C:\Универ\ЧМ\chm_lab1\chm_lab1.cpp(1037,153): warning C4305: инициализация: усечение из "double" в "real"
C:\Универ\ЧМ\chm_lab1\chm_lab1.cpp(1037,175): warning C4305: инициализация: усечение из "double" в "real"
C:\Универ\ЧМ\chm_lab1\chm_lab1.cpp(1037,197): warning C4305: инициализация: усечение из "double" в "real"
C:\Универ\ЧМ\chm_lab1\chm_lab1.cpp(1038,27): warning C4305: инициализация: усечение из "double" в "real"
C:\Универ\ЧМ\chm_lab1\chm_lab1.cpp(1038,46): warning C4305: инициализация: усечение из "double" в "real"
C:\Универ\ЧМ\chm_lab1\chm_lab1.cpp(1038,64): warning C4305: инициализация: усечение из "double" в "real"
C:\Универ\ЧМ\chm_lab1\chm_lab1.cpp(1038,83): warning C4305: инициализация: усечение из "double" в "real"
C:\Универ\ЧМ\chm_lab1\chm_lab1.cpp(1038,103): warning C4305: инициализация: усечение из "double" в "real"
C:\Универ\ЧМ\chm_lab1\chm_lab1.cpp(1038,122): warning C4305: инициализация: усечение из "double" в "real"
C:\Универ\ЧМ\chm_lab1\chm_lab1.cpp(1038,142): warning C4305: инициализация: усечение из "double" в "real"
C:\Универ\ЧМ\chm_lab1\chm_lab1.cpp(1038,163): warning C4305: инициализация: усечение из "double" в "real"
C:\Универ\ЧМ\chm_lab1\chm_lab1.cpp(1038,185): warning C4305: инициализация: усечение из "double" в "real"
C:\Универ\ЧМ\chm_lab1\chm_lab1.cpp(1038,208): warning C4305: инициализация: усечение из "double" в "real"
C:\Универ\ЧМ\chm_lab1\chm_lab1.cpp(1038,232): warning C4305: инициализация: усечение из "double" в "real"
  chm_lab1.vcxproj -> C:\Универ\ЧМ\chm_lab1\x64\Debug\chm_lab1.exe
